{
  meta: {
    req: {
      url: '/500',
      headers: {
        'user-agent': 'PostmanRuntime/7.39.0',
        accept: '*/*',
        'postman-token': '3984d768-6bfe-4c78-8c52-0555ceb2145b',
        host: 'localhost:3000',
        'accept-encoding': 'gzip, deflate, br',
        connection: 'keep-alive'
      },
      method: 'GET',
      httpVersion: '1.1',
      originalUrl: '/500',
      query: {}
    },
    res: { statusCode: 500 },
    responseTime: 0
  },
  level: 'error',
  message: 'HTTP GET /500',
  timestamp: '2024-05-28T23:06:34.473Z'
}
